<?xml version="1.0" encoding="UTF-8"?><testrun name="TestRunner" project="SQA" tests="3" started="3" failures="0" errors="2" ignored="0">
  <testsuite name="cucumberOptions.TestRunner" time="6.377">
    <testsuite name="Login to SQA Portal" time="6.377">
      <testsuite name="Login with valid credentials" time="6.377" incomplete="true">
        <error>org.openqa.selenium.ElementNotInteractableException: Element &lt;input class="form-global-search__btn icon-search" type="submit"&gt; could not be scrolled into view
Build info: version: '4.0.0', revision: '3a21814679'
System info: host: 'SQA21049', ip: '192.168.246.92', os.name: 'Windows 10', os.arch: 'amd64', os.version: '10.0', java.version: '16.0.2'
Driver info: org.openqa.selenium.firefox.FirefoxDriver
Command: [93eee26e-340d-4de3-9592-d5307b78afd9, clickElement {id=4ba9b1e9-e329-4670-9fbd-7c7d3fc99936}]
Capabilities {acceptInsecureCerts: true, browserName: firefox, browserVersion: 94.0.1, javascriptEnabled: true, moz:accessibilityChecks: false, moz:buildID: 20211103134640, moz:debuggerAddress: localhost:57372, moz:geckodriverVersion: 0.30.0, moz:headless: false, moz:processID: 21136, moz:profile: C:\Users\pula0989\AppData\L..., moz:shutdownTimeout: 60000, moz:useNonSpecCompliantPointerOrigin: false, moz:webdriverClick: true, pageLoadStrategy: normal, platform: WINDOWS, platformName: WINDOWS, platformVersion: 10.0, proxy: Proxy(), se:cdp: ws://localhost:57372/devtoo..., se:cdpVersion: 85, setWindowRect: true, strictFileInteractability: false, timeouts: {implicit: 0, pageLoad: 300000, script: 30000}, unhandledPromptBehavior: dismiss and notify}
Element: [[FirefoxDriver: firefox on WINDOWS (93eee26e-340d-4de3-9592-d5307b78afd9)] -&gt; xpath: //input[@type='submit']]
Session ID: 93eee26e-340d-4de3-9592-d5307b78afd9&#13;
	at java.base/jdk.internal.reflect.NativeConstructorAccessorImpl.newInstance0(Native Method)&#13;
	at java.base/jdk.internal.reflect.NativeConstructorAccessorImpl.newInstance(NativeConstructorAccessorImpl.java:78)&#13;
	at java.base/jdk.internal.reflect.DelegatingConstructorAccessorImpl.newInstance(DelegatingConstructorAccessorImpl.java:45)&#13;
	at java.base/java.lang.reflect.Constructor.newInstanceWithCaller(Constructor.java:499)&#13;
	at java.base/java.lang.reflect.Constructor.newInstance(Constructor.java:480)&#13;
	at org.openqa.selenium.remote.codec.w3c.W3CHttpResponseCodec.createException(W3CHttpResponseCodec.java:200)&#13;
	at org.openqa.selenium.remote.codec.w3c.W3CHttpResponseCodec.decode(W3CHttpResponseCodec.java:133)&#13;
	at org.openqa.selenium.remote.codec.w3c.W3CHttpResponseCodec.decode(W3CHttpResponseCodec.java:53)&#13;
	at org.openqa.selenium.remote.HttpCommandExecutor.execute(HttpCommandExecutor.java:184)&#13;
	at org.openqa.selenium.remote.service.DriverCommandExecutor.invokeExecute(DriverCommandExecutor.java:164)&#13;
	at org.openqa.selenium.remote.service.DriverCommandExecutor.execute(DriverCommandExecutor.java:139)&#13;
	at org.openqa.selenium.remote.RemoteWebDriver.execute(RemoteWebDriver.java:559)&#13;
	at org.openqa.selenium.remote.RemoteWebElement.execute(RemoteWebElement.java:251)&#13;
	at org.openqa.selenium.remote.RemoteWebElement.click(RemoteWebElement.java:77)&#13;
	at steps.StepDefinition.the_user_enters_his_valid_credentials(StepDefinition.java:32)&#13;
	at ✽.the user enters his valid credentials(file:///C:/WorkSpace/SQAAppeals/SQA/src/test/java/features/Login.feature:8)&#13;
&#13;
</error>
        <testcase name="the user has access to SQA Portal" classname="Login with valid credentials" time="6.234"/>
        <testcase name="the user enters his valid credentials" classname="Login with valid credentials" time="0.137">
          <error>org.openqa.selenium.ElementNotInteractableException: Element &lt;input class="form-global-search__btn icon-search" type="submit"&gt; could not be scrolled into view
Build info: version: '4.0.0', revision: '3a21814679'
System info: host: 'SQA21049', ip: '192.168.246.92', os.name: 'Windows 10', os.arch: 'amd64', os.version: '10.0', java.version: '16.0.2'
Driver info: org.openqa.selenium.firefox.FirefoxDriver
Command: [93eee26e-340d-4de3-9592-d5307b78afd9, clickElement {id=4ba9b1e9-e329-4670-9fbd-7c7d3fc99936}]
Capabilities {acceptInsecureCerts: true, browserName: firefox, browserVersion: 94.0.1, javascriptEnabled: true, moz:accessibilityChecks: false, moz:buildID: 20211103134640, moz:debuggerAddress: localhost:57372, moz:geckodriverVersion: 0.30.0, moz:headless: false, moz:processID: 21136, moz:profile: C:\Users\pula0989\AppData\L..., moz:shutdownTimeout: 60000, moz:useNonSpecCompliantPointerOrigin: false, moz:webdriverClick: true, pageLoadStrategy: normal, platform: WINDOWS, platformName: WINDOWS, platformVersion: 10.0, proxy: Proxy(), se:cdp: ws://localhost:57372/devtoo..., se:cdpVersion: 85, setWindowRect: true, strictFileInteractability: false, timeouts: {implicit: 0, pageLoad: 300000, script: 30000}, unhandledPromptBehavior: dismiss and notify}
Element: [[FirefoxDriver: firefox on WINDOWS (93eee26e-340d-4de3-9592-d5307b78afd9)] -&gt; xpath: //input[@type='submit']]
Session ID: 93eee26e-340d-4de3-9592-d5307b78afd9&#13;
	at java.base/jdk.internal.reflect.NativeConstructorAccessorImpl.newInstance0(Native Method)&#13;
	at java.base/jdk.internal.reflect.NativeConstructorAccessorImpl.newInstance(NativeConstructorAccessorImpl.java:78)&#13;
	at java.base/jdk.internal.reflect.DelegatingConstructorAccessorImpl.newInstance(DelegatingConstructorAccessorImpl.java:45)&#13;
	at java.base/java.lang.reflect.Constructor.newInstanceWithCaller(Constructor.java:499)&#13;
	at java.base/java.lang.reflect.Constructor.newInstance(Constructor.java:480)&#13;
	at org.openqa.selenium.remote.codec.w3c.W3CHttpResponseCodec.createException(W3CHttpResponseCodec.java:200)&#13;
	at org.openqa.selenium.remote.codec.w3c.W3CHttpResponseCodec.decode(W3CHttpResponseCodec.java:133)&#13;
	at org.openqa.selenium.remote.codec.w3c.W3CHttpResponseCodec.decode(W3CHttpResponseCodec.java:53)&#13;
	at org.openqa.selenium.remote.HttpCommandExecutor.execute(HttpCommandExecutor.java:184)&#13;
	at org.openqa.selenium.remote.service.DriverCommandExecutor.invokeExecute(DriverCommandExecutor.java:164)&#13;
	at org.openqa.selenium.remote.service.DriverCommandExecutor.execute(DriverCommandExecutor.java:139)&#13;
	at org.openqa.selenium.remote.RemoteWebDriver.execute(RemoteWebDriver.java:559)&#13;
	at org.openqa.selenium.remote.RemoteWebElement.execute(RemoteWebElement.java:251)&#13;
	at org.openqa.selenium.remote.RemoteWebElement.click(RemoteWebElement.java:77)&#13;
	at steps.StepDefinition.the_user_enters_his_valid_credentials(StepDefinition.java:32)&#13;
	at ✽.the user enters his valid credentials(file:///C:/WorkSpace/SQAAppeals/SQA/src/test/java/features/Login.feature:8)&#13;
&#13;
</error>
        </testcase>
        <testcase name="the user can view the services" classname="Login with valid credentials" time="0.002">
          <skipped>io.cucumber.junit.SkippedThrowable: This step is skipped&#13;
&#13;
</skipped>
        </testcase>
      </testsuite>
    </testsuite>
  </testsuite>
</testrun>
